{"name": "Check that the today counter increases after creating new order", "status": "failed", "statusDetails": {"message": "AssertionError: assert '225' != '225'", "trace": "self = <test_orders_page.TestFeedOrdersPage object at 0x103b7eae0>, feed_page = <page_objects.orders_page.OrdersPage object at 0x10609b170>\nlogin_page = <page_objects.login_page.LoginPage object at 0x103be6a20>, main_page = <page_objects.main_page.MainPage object at 0x103be7080>\nregistration = ('dugaeva_119478@gmail.com', 'mivbqoxtls')\n\n    @allure.title('Check that the today counter increases after creating new order')\n    def test_check_rise_counter_day_after_made_order(self, feed_page, login_page, main_page, registration):\n        # Firefox test fails due to the issue with the modal window that needs advanced debugging\n        feed_page.open_feed_page()\n        counter_before = feed_page.check_counter_day()\n        login_page.log_in_main_page(registration)\n        main_page.create_order()\n        feed_page.open_feed_page()\n        counter_after = feed_page.check_counter_day()\n>       assert counter_before != counter_after\nE       AssertionError: assert '225' != '225'\n\ntests/test_orders_page.py:56: AssertionError"}, "steps": [{"name": "Open orders page", "status": "passed", "start": 1726994021406, "stop": 1726994023303}, {"name": "Check today counter", "status": "passed", "start": 1726994023303, "stop": 1726994023322}, {"name": "Login as an existed user", "status": "passed", "steps": [{"name": "Open login page", "status": "passed", "start": 1726994023322, "stop": 1726994023613}, {"name": "Sign up and login as a new user", "status": "passed", "parameters": [{"name": "registration", "value": "('dugaeva_119478@gmail.com', 'mivbqoxtls')"}], "start": 1726994023613, "stop": 1726994024321}], "parameters": [{"name": "registration", "value": "('dugaeva_119478@gmail.com', 'mivbqoxtls')"}], "start": 1726994023322, "stop": 1726994024321}, {"name": "Create order", "status": "passed", "steps": [{"name": "Open the home page of Stellar Burgers", "status": "passed", "start": 1726994024322, "stop": 1726994024482}, {"name": "Add ingredients in an order", "status": "passed", "start": 1726994024482, "stop": 1726994025581}, {"name": "Click a button for order creation", "status": "passed", "start": 1726994025581, "stop": 1726994026157}], "start": 1726994024321, "stop": 1726994026157}, {"name": "Open orders page", "status": "passed", "start": 1726994026157, "stop": 1726994027369}, {"name": "Check today counter", "status": "passed", "start": 1726994027369, "stop": 1726994027387}], "parameters": [{"name": "driver", "value": "'chrome'"}], "start": 1726994021406, "stop": 1726994027387, "uuid": "664a8d71-d1c4-4a17-b9b5-58f70468d199", "historyId": "c7a8ef68e03523313972d8962bdfbd8f", "testCaseId": "8211c53c46c7b3550cb15d29f595d2fe", "fullName": "tests.test_orders_page.TestFeedOrdersPage#test_check_rise_counter_day_after_made_order", "labels": [{"name": "parentSuite", "value": "tests"}, {"name": "suite", "value": "test_orders_page"}, {"name": "subSuite", "value": "TestFeedOrdersPage"}, {"name": "host", "value": "anastasaslaptop.tailb0c67.ts.net"}, {"name": "thread", "value": "59704-MainThread"}, {"name": "framework", "value": "pytest"}, {"name": "language", "value": "cpython3"}, {"name": "package", "value": "tests.test_orders_page"}]}