{"name": "Add an ingredient and check the counter", "status": "failed", "statusDetails": {"message": "AssertionError: Expected updated counter '2', but got '0'\nassert '0' == '2'\n  \n  - 2\n  + 0", "trace": "self = <test_main_page.TestMainPage object at 0x103b7d6a0>, main_page = <page_objects.main_page.MainPage object at 0x103be61b0>\n\n    @allure.title('Add an ingredient and check the counter')\n    def test_check_counter_up_after_add_item_in_order(self, main_page):\n        # The test fails in Firefox. Seems related to the differences in how Firefox and Chrome\n        # handle certain elements. This test needs advanced debugging\n        main_page.open_main_page()\n        counter_1 = main_page.add_items_in_order()\n        counter_2 = main_page.check_counter_after_add()\n        assert counter_1 == '0', f\"Expected initial counter '0', but got '{counter_1}'\"\n>       assert counter_2 == '2', f\"Expected updated counter '2', but got '{counter_2}'\"\nE       AssertionError: Expected updated counter '2', but got '0'\nE       assert '0' == '2'\nE         \nE         - 2\nE         + 0\n\ntests/test_main_page.py:43: AssertionError"}, "steps": [{"name": "Open the home page of Stellar Burgers", "status": "passed", "start": 1726993952010, "stop": 1726993954391}, {"name": "Add ingredients in an order", "status": "passed", "start": 1726993954391, "stop": 1726993954966}, {"name": "Set a counter after adding ingredients", "status": "passed", "start": 1726993954967, "stop": 1726993954978}], "parameters": [{"name": "driver", "value": "'chrome'"}], "start": 1726993952010, "stop": 1726993954979, "uuid": "7852af14-a4c0-4637-80ef-e9e69558a50f", "historyId": "8eec4e9e9498b43af48ea045e02bd69a", "testCaseId": "a751a1f087e850c8a84ff4a84da92b73", "fullName": "tests.test_main_page.TestMainPage#test_check_counter_up_after_add_item_in_order", "labels": [{"name": "parentSuite", "value": "tests"}, {"name": "suite", "value": "test_main_page"}, {"name": "subSuite", "value": "TestMainPage"}, {"name": "host", "value": "anastasaslaptop.tailb0c67.ts.net"}, {"name": "thread", "value": "59704-MainThread"}, {"name": "framework", "value": "pytest"}, {"name": "language", "value": "cpython3"}, {"name": "package", "value": "tests.test_main_page"}]}